{"name":"realstates","hostname":"Santiagos-MacBook-Pro.local","pid":6610,"level":30,"res":{},"msg":"Creacion exitosa del cliente: 123","time":"2016-04-17T15:56:19.717Z","v":0}
{"name":"realstates","hostname":"Santiagos-MacBook-Pro.local","pid":6610,"level":30,"res":{},"msg":"Eliminacion exitosa de un cliente: 123","time":"2016-04-17T15:56:19.736Z","v":0}
{"name":"realstates","hostname":"Santiagos-MacBook-Pro.local","pid":6610,"level":30,"res":{},"updatedObj":{"_id":"123"},"msg":"Actualizacion exitosa del cliente: 123","time":"2016-04-17T15:56:19.746Z","v":0}
{"name":"realstates","hostname":"Santiagos-MacBook-Pro.local","pid":6610,"level":30,"res":{},"msg":"Creacion exitosa del contrato: 123","time":"2016-04-17T15:56:19.753Z","v":0}
{"name":"realstates","hostname":"Santiagos-MacBook-Pro.local","pid":6610,"level":30,"res":{},"msg":"Eliminacion exitosa del contrato: 123","time":"2016-04-17T15:56:19.812Z","v":0}
{"name":"realstates","hostname":"Santiagos-MacBook-Pro.local","pid":6610,"level":30,"res":{},"updatedObj":{"_id":"123"},"msg":"Actualizacion exitosa del contrato: 123","time":"2016-04-17T15:56:19.816Z","v":0}
{"name":"realstates","hostname":"Santiagos-MacBook-Pro.local","pid":6610,"level":30,"res":{},"msg":"Creacion exitosa del pago: 123","time":"2016-04-17T15:56:19.821Z","v":0}
{"name":"realstates","hostname":"Santiagos-MacBook-Pro.local","pid":6610,"level":30,"res":{},"msg":"Eliminacion exitosa del pago: 123","time":"2016-04-17T15:56:19.836Z","v":0}
{"name":"realstates","hostname":"Santiagos-MacBook-Pro.local","pid":6610,"level":30,"res":{},"updatedObj":{"_id":"123"},"msg":"Actualizacion exitosa del pago: 123","time":"2016-04-17T15:56:19.840Z","v":0}
{"name":"realstates","hostname":"Santiagos-MacBook-Pro.local","pid":6610,"level":30,"res":{},"msg":"Creacion exitosa de la propiedad: 123","time":"2016-04-17T15:56:19.845Z","v":0}
{"name":"realstates","hostname":"Santiagos-MacBook-Pro.local","pid":6610,"level":30,"res":{},"msg":"Eliminacion exitosa de la propiedad: 123","time":"2016-04-17T15:56:19.878Z","v":0}
{"name":"realstates","hostname":"Santiagos-MacBook-Pro.local","pid":6610,"level":30,"res":{},"updatedObj":{"_id":"123"},"msg":"Actualizacion exitosa de la propiedad: 123","time":"2016-04-17T15:56:19.881Z","v":0}
{"name":"realstates","hostname":"Santiagos-MacBook-Pro.local","pid":7419,"level":30,"res":{},"msg":"Creacion exitosa del cliente: 123","time":"2016-04-17T15:57:36.828Z","v":0}
{"name":"realstates","hostname":"Santiagos-MacBook-Pro.local","pid":7419,"level":30,"res":{},"msg":"Eliminacion exitosa de un cliente: 123","time":"2016-04-17T15:57:36.900Z","v":0}
{"name":"realstates","hostname":"Santiagos-MacBook-Pro.local","pid":7419,"level":30,"res":{},"updatedObj":{"_id":"123"},"msg":"Actualizacion exitosa del cliente: 123","time":"2016-04-17T15:57:36.919Z","v":0}
{"name":"realstates","hostname":"Santiagos-MacBook-Pro.local","pid":7419,"level":30,"res":{},"msg":"Creacion exitosa del contrato: 123","time":"2016-04-17T15:57:36.925Z","v":0}
{"name":"realstates","hostname":"Santiagos-MacBook-Pro.local","pid":7419,"level":30,"res":{},"msg":"Eliminacion exitosa del contrato: 123","time":"2016-04-17T15:57:36.950Z","v":0}
{"name":"realstates","hostname":"Santiagos-MacBook-Pro.local","pid":7419,"level":30,"res":{},"updatedObj":{"_id":"123"},"msg":"Actualizacion exitosa del contrato: 123","time":"2016-04-17T15:57:36.955Z","v":0}
{"name":"realstates","hostname":"Santiagos-MacBook-Pro.local","pid":7419,"level":30,"res":{},"msg":"Creacion exitosa del pago: 123","time":"2016-04-17T15:57:36.973Z","v":0}
{"name":"realstates","hostname":"Santiagos-MacBook-Pro.local","pid":7419,"level":30,"res":{},"msg":"Eliminacion exitosa del pago: 123","time":"2016-04-17T15:57:36.991Z","v":0}
{"name":"realstates","hostname":"Santiagos-MacBook-Pro.local","pid":7419,"level":30,"res":{},"updatedObj":{"_id":"123"},"msg":"Actualizacion exitosa del pago: 123","time":"2016-04-17T15:57:36.996Z","v":0}
{"name":"realstates","hostname":"Santiagos-MacBook-Pro.local","pid":7419,"level":30,"res":{},"msg":"Creacion exitosa de la propiedad: 123","time":"2016-04-17T15:57:37.013Z","v":0}
{"name":"realstates","hostname":"Santiagos-MacBook-Pro.local","pid":7419,"level":30,"res":{},"msg":"Eliminacion exitosa de la propiedad: 123","time":"2016-04-17T15:57:37.038Z","v":0}
{"name":"realstates","hostname":"Santiagos-MacBook-Pro.local","pid":7419,"level":30,"res":{},"updatedObj":{"_id":"123"},"msg":"Actualizacion exitosa de la propiedad: 123","time":"2016-04-17T15:57:37.044Z","v":0}
{"name":"realstates","hostname":"Santiagos-MacBook-Pro.local","pid":17953,"level":30,"res":{},"msg":"Creacion exitosa del cliente: 123","time":"2016-04-17T16:17:01.580Z","v":0}
{"name":"realstates","hostname":"Santiagos-MacBook-Pro.local","pid":17953,"level":30,"res":{},"msg":"Eliminacion exitosa de un cliente: 123","time":"2016-04-17T16:17:01.600Z","v":0}
{"name":"realstates","hostname":"Santiagos-MacBook-Pro.local","pid":17953,"level":30,"res":{},"updatedObj":{"_id":"123"},"msg":"Actualizacion exitosa del cliente: 123","time":"2016-04-17T16:17:01.608Z","v":0}
{"name":"realstates","hostname":"Santiagos-MacBook-Pro.local","pid":17953,"level":30,"res":{},"msg":"Creacion exitosa del contrato: 123","time":"2016-04-17T16:17:01.627Z","v":0}
{"name":"realstates","hostname":"Santiagos-MacBook-Pro.local","pid":17953,"level":30,"res":{},"msg":"Eliminacion exitosa del contrato: 123","time":"2016-04-17T16:17:01.643Z","v":0}
{"name":"realstates","hostname":"Santiagos-MacBook-Pro.local","pid":17953,"level":30,"res":{},"updatedObj":{"_id":"123"},"msg":"Actualizacion exitosa del contrato: 123","time":"2016-04-17T16:17:01.647Z","v":0}
{"name":"realstates","hostname":"Santiagos-MacBook-Pro.local","pid":17953,"level":30,"res":{},"msg":"Creacion exitosa del pago: 123","time":"2016-04-17T16:17:01.655Z","v":0}
{"name":"realstates","hostname":"Santiagos-MacBook-Pro.local","pid":17953,"level":30,"res":{},"msg":"Eliminacion exitosa del pago: 123","time":"2016-04-17T16:17:01.671Z","v":0}
{"name":"realstates","hostname":"Santiagos-MacBook-Pro.local","pid":17953,"level":30,"res":{},"updatedObj":{"_id":"123"},"msg":"Actualizacion exitosa del pago: 123","time":"2016-04-17T16:17:01.675Z","v":0}
{"name":"realstates","hostname":"Santiagos-MacBook-Pro.local","pid":17953,"level":30,"res":{},"msg":"Creacion exitosa de la propiedad: 123","time":"2016-04-17T16:17:01.680Z","v":0}
{"name":"realstates","hostname":"Santiagos-MacBook-Pro.local","pid":17953,"level":30,"res":{},"msg":"Eliminacion exitosa de la propiedad: 123","time":"2016-04-17T16:17:01.697Z","v":0}
{"name":"realstates","hostname":"Santiagos-MacBook-Pro.local","pid":17953,"level":30,"res":{},"updatedObj":{"_id":"123"},"msg":"Actualizacion exitosa de la propiedad: 123","time":"2016-04-17T16:17:01.704Z","v":0}
{"name":"realstates","hostname":"Santiagos-MacBook-Pro.local","pid":23290,"level":30,"res":{},"msg":"Creacion exitosa del cliente: 123","time":"2016-04-17T16:27:40.417Z","v":0}
{"name":"realstates","hostname":"Santiagos-MacBook-Pro.local","pid":23290,"level":30,"res":{},"msg":"Eliminacion exitosa de un cliente: 123","time":"2016-04-17T16:27:40.446Z","v":0}
{"name":"realstates","hostname":"Santiagos-MacBook-Pro.local","pid":23290,"level":30,"res":{},"updatedObj":{"_id":"123"},"msg":"Actualizacion exitosa del cliente: 123","time":"2016-04-17T16:27:40.451Z","v":0}
{"name":"realstates","hostname":"Santiagos-MacBook-Pro.local","pid":23290,"level":30,"res":{},"msg":"Creacion exitosa del contrato: 123","time":"2016-04-17T16:27:40.457Z","v":0}
{"name":"realstates","hostname":"Santiagos-MacBook-Pro.local","pid":23290,"level":30,"res":{},"msg":"Eliminacion exitosa del contrato: 123","time":"2016-04-17T16:27:40.485Z","v":0}
{"name":"realstates","hostname":"Santiagos-MacBook-Pro.local","pid":23290,"level":30,"res":{},"updatedObj":{"_id":"123"},"msg":"Actualizacion exitosa del contrato: 123","time":"2016-04-17T16:27:40.488Z","v":0}
{"name":"realstates","hostname":"Santiagos-MacBook-Pro.local","pid":23290,"level":30,"res":{},"msg":"Creacion exitosa del pago: 123","time":"2016-04-17T16:27:40.494Z","v":0}
{"name":"realstates","hostname":"Santiagos-MacBook-Pro.local","pid":23290,"level":30,"res":{},"msg":"Eliminacion exitosa del pago: 123","time":"2016-04-17T16:27:40.514Z","v":0}
{"name":"realstates","hostname":"Santiagos-MacBook-Pro.local","pid":23290,"level":30,"res":{},"updatedObj":{"_id":"123"},"msg":"Actualizacion exitosa del pago: 123","time":"2016-04-17T16:27:40.522Z","v":0}
{"name":"realstates","hostname":"Santiagos-MacBook-Pro.local","pid":23290,"level":30,"res":{},"msg":"Creacion exitosa de la propiedad: 123","time":"2016-04-17T16:27:40.527Z","v":0}
{"name":"realstates","hostname":"Santiagos-MacBook-Pro.local","pid":23290,"level":30,"res":{},"msg":"Eliminacion exitosa de la propiedad: 123","time":"2016-04-17T16:27:40.548Z","v":0}
{"name":"realstates","hostname":"Santiagos-MacBook-Pro.local","pid":23290,"level":30,"res":{},"updatedObj":{"_id":"123"},"msg":"Actualizacion exitosa de la propiedad: 123","time":"2016-04-17T16:27:40.552Z","v":0}
{"name":"realstates","hostname":"Santiagos-MacBook-Pro.local","pid":24179,"level":30,"res":{},"msg":"Creacion exitosa del cliente: 123","time":"2016-04-17T16:29:14.387Z","v":0}
{"name":"realstates","hostname":"Santiagos-MacBook-Pro.local","pid":24179,"level":30,"res":{},"msg":"Eliminacion exitosa de un cliente: 123","time":"2016-04-17T16:29:14.415Z","v":0}
{"name":"realstates","hostname":"Santiagos-MacBook-Pro.local","pid":24179,"level":30,"res":{},"updatedObj":{"_id":"123"},"msg":"Actualizacion exitosa del cliente: 123","time":"2016-04-17T16:29:14.428Z","v":0}
{"name":"realstates","hostname":"Santiagos-MacBook-Pro.local","pid":24179,"level":30,"res":{},"msg":"Creacion exitosa del contrato: 123","time":"2016-04-17T16:29:14.437Z","v":0}
{"name":"realstates","hostname":"Santiagos-MacBook-Pro.local","pid":24179,"level":30,"res":{},"msg":"Eliminacion exitosa del contrato: 123","time":"2016-04-17T16:29:14.450Z","v":0}
{"name":"realstates","hostname":"Santiagos-MacBook-Pro.local","pid":24179,"level":30,"res":{},"updatedObj":{"_id":"123"},"msg":"Actualizacion exitosa del contrato: 123","time":"2016-04-17T16:29:14.454Z","v":0}
{"name":"realstates","hostname":"Santiagos-MacBook-Pro.local","pid":24179,"level":30,"res":{},"msg":"Creacion exitosa del pago: 123","time":"2016-04-17T16:29:14.463Z","v":0}
{"name":"realstates","hostname":"Santiagos-MacBook-Pro.local","pid":24179,"level":30,"res":{},"msg":"Eliminacion exitosa del pago: 123","time":"2016-04-17T16:29:14.479Z","v":0}
{"name":"realstates","hostname":"Santiagos-MacBook-Pro.local","pid":24179,"level":30,"res":{},"updatedObj":{"_id":"123"},"msg":"Actualizacion exitosa del pago: 123","time":"2016-04-17T16:29:14.483Z","v":0}
{"name":"realstates","hostname":"Santiagos-MacBook-Pro.local","pid":24179,"level":30,"res":{},"msg":"Creacion exitosa de la propiedad: 123","time":"2016-04-17T16:29:14.489Z","v":0}
{"name":"realstates","hostname":"Santiagos-MacBook-Pro.local","pid":24179,"level":30,"res":{},"msg":"Eliminacion exitosa de la propiedad: 123","time":"2016-04-17T16:29:14.510Z","v":0}
{"name":"realstates","hostname":"Santiagos-MacBook-Pro.local","pid":24179,"level":30,"res":{},"updatedObj":{"_id":"123"},"msg":"Actualizacion exitosa de la propiedad: 123","time":"2016-04-17T16:29:14.515Z","v":0}
{"name":"realstates","hostname":"Santiagos-MacBook-Pro.local","pid":26264,"level":30,"res":{},"msg":"Creacion exitosa del cliente: 123","time":"2016-04-17T16:32:28.910Z","v":0}
{"name":"realstates","hostname":"Santiagos-MacBook-Pro.local","pid":26264,"level":30,"res":{},"msg":"Eliminacion exitosa de un cliente: 123","time":"2016-04-17T16:32:28.935Z","v":0}
{"name":"realstates","hostname":"Santiagos-MacBook-Pro.local","pid":26264,"level":30,"res":{},"updatedObj":{"_id":"123"},"msg":"Actualizacion exitosa del cliente: 123","time":"2016-04-17T16:32:28.943Z","v":0}
{"name":"realstates","hostname":"Santiagos-MacBook-Pro.local","pid":26264,"level":30,"res":{},"msg":"Creacion exitosa del contrato: 123","time":"2016-04-17T16:32:28.955Z","v":0}
{"name":"realstates","hostname":"Santiagos-MacBook-Pro.local","pid":26264,"level":30,"res":{},"msg":"Eliminacion exitosa del contrato: 123","time":"2016-04-17T16:32:28.970Z","v":0}
{"name":"realstates","hostname":"Santiagos-MacBook-Pro.local","pid":26264,"level":30,"res":{},"updatedObj":{"_id":"123"},"msg":"Actualizacion exitosa del contrato: 123","time":"2016-04-17T16:32:28.974Z","v":0}
{"name":"realstates","hostname":"Santiagos-MacBook-Pro.local","pid":26264,"level":30,"res":{},"msg":"Creacion exitosa del pago: 123","time":"2016-04-17T16:32:28.987Z","v":0}
{"name":"realstates","hostname":"Santiagos-MacBook-Pro.local","pid":26264,"level":30,"res":{},"msg":"Eliminacion exitosa del pago: 123","time":"2016-04-17T16:32:29.006Z","v":0}
{"name":"realstates","hostname":"Santiagos-MacBook-Pro.local","pid":26264,"level":30,"res":{},"updatedObj":{"_id":"123"},"msg":"Actualizacion exitosa del pago: 123","time":"2016-04-17T16:32:29.011Z","v":0}
{"name":"realstates","hostname":"Santiagos-MacBook-Pro.local","pid":26264,"level":30,"res":{},"msg":"Creacion exitosa de la propiedad: 123","time":"2016-04-17T16:32:29.024Z","v":0}
{"name":"realstates","hostname":"Santiagos-MacBook-Pro.local","pid":26264,"level":30,"res":{},"msg":"Eliminacion exitosa de la propiedad: 123","time":"2016-04-17T16:32:29.045Z","v":0}
{"name":"realstates","hostname":"Santiagos-MacBook-Pro.local","pid":26264,"level":30,"res":{},"updatedObj":{"_id":"123"},"msg":"Actualizacion exitosa de la propiedad: 123","time":"2016-04-17T16:32:29.058Z","v":0}
{"name":"realstates","hostname":"Santiagos-MacBook-Pro.local","pid":27090,"level":30,"res":{},"msg":"Creacion exitosa del cliente: 123","time":"2016-04-17T16:44:54.575Z","v":0}
{"name":"realstates","hostname":"Santiagos-MacBook-Pro.local","pid":27090,"level":30,"res":{},"msg":"Eliminacion exitosa de un cliente: 123","time":"2016-04-17T16:44:54.596Z","v":0}
{"name":"realstates","hostname":"Santiagos-MacBook-Pro.local","pid":27090,"level":30,"res":{},"updatedObj":{"_id":"123"},"msg":"Actualizacion exitosa del cliente: 123","time":"2016-04-17T16:44:54.604Z","v":0}
{"name":"realstates","hostname":"Santiagos-MacBook-Pro.local","pid":27090,"level":30,"res":{},"msg":"Creacion exitosa del contrato: 123","time":"2016-04-17T16:44:54.616Z","v":0}
{"name":"realstates","hostname":"Santiagos-MacBook-Pro.local","pid":27090,"level":30,"res":{},"msg":"Eliminacion exitosa del contrato: 123","time":"2016-04-17T16:44:54.638Z","v":0}
{"name":"realstates","hostname":"Santiagos-MacBook-Pro.local","pid":27090,"level":30,"res":{},"updatedObj":{"_id":"123"},"msg":"Actualizacion exitosa del contrato: 123","time":"2016-04-17T16:44:54.642Z","v":0}
{"name":"realstates","hostname":"Santiagos-MacBook-Pro.local","pid":27090,"level":30,"res":{},"msg":"Creacion exitosa del pago: 123","time":"2016-04-17T16:44:54.650Z","v":0}
{"name":"realstates","hostname":"Santiagos-MacBook-Pro.local","pid":27090,"level":30,"res":{},"msg":"Eliminacion exitosa del pago: 123","time":"2016-04-17T16:44:54.672Z","v":0}
{"name":"realstates","hostname":"Santiagos-MacBook-Pro.local","pid":27090,"level":30,"res":{},"updatedObj":{"_id":"123"},"msg":"Actualizacion exitosa del pago: 123","time":"2016-04-17T16:44:54.675Z","v":0}
{"name":"realstates","hostname":"Santiagos-MacBook-Pro.local","pid":27090,"level":30,"res":{},"msg":"Creacion exitosa de la propiedad: 123","time":"2016-04-17T16:44:54.679Z","v":0}
{"name":"realstates","hostname":"Santiagos-MacBook-Pro.local","pid":27090,"level":30,"res":{},"msg":"Eliminacion exitosa de la propiedad: 123","time":"2016-04-17T16:44:54.695Z","v":0}
{"name":"realstates","hostname":"Santiagos-MacBook-Pro.local","pid":27090,"level":30,"res":{},"updatedObj":{"_id":"123"},"msg":"Actualizacion exitosa de la propiedad: 123","time":"2016-04-17T16:44:54.699Z","v":0}
{"name":"realstates","hostname":"Santiagos-MacBook-Pro.local","pid":96331,"level":30,"res":{},"msg":"Creacion exitosa del cliente: 123","time":"2016-04-17T19:33:12.372Z","v":0}
{"name":"realstates","hostname":"Santiagos-MacBook-Pro.local","pid":96331,"level":30,"res":{},"msg":"Eliminacion exitosa de un cliente: 123","time":"2016-04-17T19:33:12.395Z","v":0}
{"name":"realstates","hostname":"Santiagos-MacBook-Pro.local","pid":96331,"level":30,"res":{},"updatedObj":{"_id":"123"},"msg":"Actualizacion exitosa del cliente: 123","time":"2016-04-17T19:33:12.406Z","v":0}
{"name":"realstates","hostname":"Santiagos-MacBook-Pro.local","pid":96331,"level":30,"res":{},"msg":"Creacion exitosa del contrato: 123","time":"2016-04-17T19:33:12.415Z","v":0}
{"name":"realstates","hostname":"Santiagos-MacBook-Pro.local","pid":96331,"level":30,"res":{},"msg":"Eliminacion exitosa del contrato: 123","time":"2016-04-17T19:33:12.431Z","v":0}
{"name":"realstates","hostname":"Santiagos-MacBook-Pro.local","pid":96331,"level":30,"res":{},"updatedObj":{"_id":"123"},"msg":"Actualizacion exitosa del contrato: 123","time":"2016-04-17T19:33:12.439Z","v":0}
{"name":"realstates","hostname":"Santiagos-MacBook-Pro.local","pid":96331,"level":30,"res":{},"msg":"Creacion exitosa del pago: 123","time":"2016-04-17T19:33:12.446Z","v":0}
{"name":"realstates","hostname":"Santiagos-MacBook-Pro.local","pid":96331,"level":30,"res":{},"msg":"Eliminacion exitosa del pago: 123","time":"2016-04-17T19:33:12.480Z","v":0}
{"name":"realstates","hostname":"Santiagos-MacBook-Pro.local","pid":96331,"level":30,"res":{},"updatedObj":{"_id":"123"},"msg":"Actualizacion exitosa del pago: 123","time":"2016-04-17T19:33:12.485Z","v":0}
{"name":"realstates","hostname":"Santiagos-MacBook-Pro.local","pid":96331,"level":30,"res":{},"msg":"Creacion exitosa de la propiedad: 123","time":"2016-04-17T19:33:12.498Z","v":0}
{"name":"realstates","hostname":"Santiagos-MacBook-Pro.local","pid":96331,"level":30,"res":{},"msg":"Eliminacion exitosa de la propiedad: 123","time":"2016-04-17T19:33:12.516Z","v":0}
{"name":"realstates","hostname":"Santiagos-MacBook-Pro.local","pid":96331,"level":30,"res":{},"updatedObj":{"_id":"123"},"msg":"Actualizacion exitosa de la propiedad: 123","time":"2016-04-17T19:33:12.525Z","v":0}
{"name":"realstates","hostname":"Santiagos-MacBook-Pro.local","pid":96727,"level":30,"res":{},"msg":"Creacion exitosa del cliente: 123","time":"2016-04-17T19:33:42.464Z","v":0}
{"name":"realstates","hostname":"Santiagos-MacBook-Pro.local","pid":96727,"level":30,"res":{},"msg":"Eliminacion exitosa de un cliente: 123","time":"2016-04-17T19:33:42.488Z","v":0}
{"name":"realstates","hostname":"Santiagos-MacBook-Pro.local","pid":96727,"level":30,"res":{},"updatedObj":{"_id":"123"},"msg":"Actualizacion exitosa del cliente: 123","time":"2016-04-17T19:33:42.496Z","v":0}
{"name":"realstates","hostname":"Santiagos-MacBook-Pro.local","pid":96727,"level":30,"res":{},"msg":"Creacion exitosa del contrato: 123","time":"2016-04-17T19:33:42.503Z","v":0}
{"name":"realstates","hostname":"Santiagos-MacBook-Pro.local","pid":96727,"level":30,"res":{},"msg":"Eliminacion exitosa del contrato: 123","time":"2016-04-17T19:33:42.529Z","v":0}
{"name":"realstates","hostname":"Santiagos-MacBook-Pro.local","pid":96727,"level":30,"res":{},"updatedObj":{"_id":"123"},"msg":"Actualizacion exitosa del contrato: 123","time":"2016-04-17T19:33:42.533Z","v":0}
{"name":"realstates","hostname":"Santiagos-MacBook-Pro.local","pid":96727,"level":30,"res":{},"msg":"Creacion exitosa del pago: 123","time":"2016-04-17T19:33:42.549Z","v":0}
{"name":"realstates","hostname":"Santiagos-MacBook-Pro.local","pid":96727,"level":30,"res":{},"msg":"Eliminacion exitosa del pago: 123","time":"2016-04-17T19:33:42.571Z","v":0}
{"name":"realstates","hostname":"Santiagos-MacBook-Pro.local","pid":96727,"level":30,"res":{},"updatedObj":{"_id":"123"},"msg":"Actualizacion exitosa del pago: 123","time":"2016-04-17T19:33:42.579Z","v":0}
{"name":"realstates","hostname":"Santiagos-MacBook-Pro.local","pid":96727,"level":30,"res":{},"msg":"Creacion exitosa de la propiedad: 123","time":"2016-04-17T19:33:42.584Z","v":0}
{"name":"realstates","hostname":"Santiagos-MacBook-Pro.local","pid":96727,"level":30,"res":{},"msg":"Eliminacion exitosa de la propiedad: 123","time":"2016-04-17T19:33:42.603Z","v":0}
{"name":"realstates","hostname":"Santiagos-MacBook-Pro.local","pid":96727,"level":30,"res":{},"updatedObj":{"_id":"123"},"msg":"Actualizacion exitosa de la propiedad: 123","time":"2016-04-17T19:33:42.611Z","v":0}
{"name":"realstates","hostname":"Santiagos-MacBook-Pro.local","pid":1194,"level":30,"res":{},"msg":"Creacion exitosa del cliente: 123","time":"2016-04-17T19:41:47.202Z","v":0}
{"name":"realstates","hostname":"Santiagos-MacBook-Pro.local","pid":1194,"level":30,"res":{},"msg":"Eliminacion exitosa de un cliente: 123","time":"2016-04-17T19:41:47.225Z","v":0}
{"name":"realstates","hostname":"Santiagos-MacBook-Pro.local","pid":1194,"level":30,"res":{},"updatedObj":{"_id":"123"},"msg":"Actualizacion exitosa del cliente: 123","time":"2016-04-17T19:41:47.232Z","v":0}
{"name":"realstates","hostname":"Santiagos-MacBook-Pro.local","pid":1194,"level":30,"res":{},"msg":"Creacion exitosa del contrato: 123","time":"2016-04-17T19:41:47.241Z","v":0}
{"name":"realstates","hostname":"Santiagos-MacBook-Pro.local","pid":1194,"level":30,"res":{},"msg":"Eliminacion exitosa del contrato: 123","time":"2016-04-17T19:41:47.273Z","v":0}
{"name":"realstates","hostname":"Santiagos-MacBook-Pro.local","pid":1194,"level":30,"res":{},"updatedObj":{"_id":"123"},"msg":"Actualizacion exitosa del contrato: 123","time":"2016-04-17T19:41:47.278Z","v":0}
{"name":"realstates","hostname":"Santiagos-MacBook-Pro.local","pid":1194,"level":30,"res":{},"msg":"Creacion exitosa del pago: 123","time":"2016-04-17T19:41:47.285Z","v":0}
{"name":"realstates","hostname":"Santiagos-MacBook-Pro.local","pid":1194,"level":30,"res":{},"msg":"Eliminacion exitosa del pago: 123","time":"2016-04-17T19:41:47.305Z","v":0}
{"name":"realstates","hostname":"Santiagos-MacBook-Pro.local","pid":1194,"level":30,"res":{},"updatedObj":{"_id":"123"},"msg":"Actualizacion exitosa del pago: 123","time":"2016-04-17T19:41:47.311Z","v":0}
{"name":"realstates","hostname":"Santiagos-MacBook-Pro.local","pid":1194,"level":30,"res":{},"msg":"Creacion exitosa de la propiedad: 123","time":"2016-04-17T19:41:47.318Z","v":0}
{"name":"realstates","hostname":"Santiagos-MacBook-Pro.local","pid":1194,"level":30,"res":{},"msg":"Eliminacion exitosa de la propiedad: 123","time":"2016-04-17T19:41:47.336Z","v":0}
{"name":"realstates","hostname":"Santiagos-MacBook-Pro.local","pid":1194,"level":30,"res":{},"updatedObj":{"_id":"123"},"msg":"Actualizacion exitosa de la propiedad: 123","time":"2016-04-17T19:41:47.343Z","v":0}
{"name":"realstates","hostname":"Santiagos-MacBook-Pro.local","pid":2030,"level":30,"res":{},"msg":"Creacion exitosa del cliente: 123","time":"2016-04-17T19:43:35.875Z","v":0}
{"name":"realstates","hostname":"Santiagos-MacBook-Pro.local","pid":2030,"level":30,"res":{},"msg":"Eliminacion exitosa de un cliente: 123","time":"2016-04-17T19:43:35.896Z","v":0}
{"name":"realstates","hostname":"Santiagos-MacBook-Pro.local","pid":2030,"level":30,"res":{},"updatedObj":{"_id":"123"},"msg":"Actualizacion exitosa del cliente: 123","time":"2016-04-17T19:43:35.902Z","v":0}
{"name":"realstates","hostname":"Santiagos-MacBook-Pro.local","pid":2030,"level":30,"res":{},"msg":"Creacion exitosa del contrato: 123","time":"2016-04-17T19:43:35.914Z","v":0}
{"name":"realstates","hostname":"Santiagos-MacBook-Pro.local","pid":2030,"level":30,"res":{},"msg":"Eliminacion exitosa del contrato: 123","time":"2016-04-17T19:43:35.941Z","v":0}
{"name":"realstates","hostname":"Santiagos-MacBook-Pro.local","pid":2030,"level":30,"res":{},"updatedObj":{"_id":"123"},"msg":"Actualizacion exitosa del contrato: 123","time":"2016-04-17T19:43:35.946Z","v":0}
{"name":"realstates","hostname":"Santiagos-MacBook-Pro.local","pid":2030,"level":30,"res":{},"msg":"Creacion exitosa del pago: 123","time":"2016-04-17T19:43:35.952Z","v":0}
{"name":"realstates","hostname":"Santiagos-MacBook-Pro.local","pid":2030,"level":30,"res":{},"msg":"Eliminacion exitosa del pago: 123","time":"2016-04-17T19:43:35.982Z","v":0}
{"name":"realstates","hostname":"Santiagos-MacBook-Pro.local","pid":2030,"level":30,"res":{},"updatedObj":{"_id":"123"},"msg":"Actualizacion exitosa del pago: 123","time":"2016-04-17T19:43:35.993Z","v":0}
{"name":"realstates","hostname":"Santiagos-MacBook-Pro.local","pid":2030,"level":30,"res":{},"msg":"Creacion exitosa de la propiedad: 123","time":"2016-04-17T19:43:36.002Z","v":0}
{"name":"realstates","hostname":"Santiagos-MacBook-Pro.local","pid":2030,"level":30,"res":{},"msg":"Eliminacion exitosa de la propiedad: 123","time":"2016-04-17T19:43:36.025Z","v":0}
{"name":"realstates","hostname":"Santiagos-MacBook-Pro.local","pid":2030,"level":30,"res":{},"updatedObj":{"_id":"123"},"msg":"Actualizacion exitosa de la propiedad: 123","time":"2016-04-17T19:43:36.032Z","v":0}
{"name":"realstates","hostname":"Santiagos-MacBook-Pro.local","pid":4070,"level":30,"res":{},"msg":"Creacion exitosa del cliente: 123","time":"2016-04-17T19:48:38.299Z","v":0}
{"name":"realstates","hostname":"Santiagos-MacBook-Pro.local","pid":4070,"level":30,"res":{},"msg":"Eliminacion exitosa de un cliente: 123","time":"2016-04-17T19:48:38.319Z","v":0}
{"name":"realstates","hostname":"Santiagos-MacBook-Pro.local","pid":4070,"level":30,"res":{},"updatedObj":{"_id":"123"},"msg":"Actualizacion exitosa del cliente: 123","time":"2016-04-17T19:48:38.334Z","v":0}
{"name":"realstates","hostname":"Santiagos-MacBook-Pro.local","pid":4070,"level":30,"res":{},"msg":"Creacion exitosa del contrato: 123","time":"2016-04-17T19:48:38.343Z","v":0}
{"name":"realstates","hostname":"Santiagos-MacBook-Pro.local","pid":4070,"level":30,"res":{},"msg":"Eliminacion exitosa del contrato: 123","time":"2016-04-17T19:48:38.370Z","v":0}
{"name":"realstates","hostname":"Santiagos-MacBook-Pro.local","pid":4070,"level":30,"res":{},"updatedObj":{"_id":"123"},"msg":"Actualizacion exitosa del contrato: 123","time":"2016-04-17T19:48:38.377Z","v":0}
{"name":"realstates","hostname":"Santiagos-MacBook-Pro.local","pid":4070,"level":30,"res":{},"msg":"Creacion exitosa del pago: 123","time":"2016-04-17T19:48:38.387Z","v":0}
{"name":"realstates","hostname":"Santiagos-MacBook-Pro.local","pid":4070,"level":30,"res":{},"msg":"Eliminacion exitosa del pago: 123","time":"2016-04-17T19:48:38.423Z","v":0}
{"name":"realstates","hostname":"Santiagos-MacBook-Pro.local","pid":4070,"level":30,"res":{},"updatedObj":{"_id":"123"},"msg":"Actualizacion exitosa del pago: 123","time":"2016-04-17T19:48:38.427Z","v":0}
{"name":"realstates","hostname":"Santiagos-MacBook-Pro.local","pid":4070,"level":30,"res":{},"msg":"Creacion exitosa de la propiedad: 123","time":"2016-04-17T19:48:38.432Z","v":0}
{"name":"realstates","hostname":"Santiagos-MacBook-Pro.local","pid":4070,"level":30,"res":{},"msg":"Eliminacion exitosa de la propiedad: 123","time":"2016-04-17T19:48:38.452Z","v":0}
{"name":"realstates","hostname":"Santiagos-MacBook-Pro.local","pid":4070,"level":30,"res":{},"updatedObj":{"_id":"123"},"msg":"Actualizacion exitosa de la propiedad: 123","time":"2016-04-17T19:48:38.459Z","v":0}
{"name":"realstates","hostname":"Santiagos-MacBook-Pro.local","pid":5574,"level":30,"res":{},"msg":"Creacion exitosa del cliente: 123","time":"2016-04-17T19:52:42.529Z","v":0}
{"name":"realstates","hostname":"Santiagos-MacBook-Pro.local","pid":5574,"level":30,"res":{},"msg":"Eliminacion exitosa de un cliente: 123","time":"2016-04-17T19:52:42.552Z","v":0}
{"name":"realstates","hostname":"Santiagos-MacBook-Pro.local","pid":5574,"level":30,"res":{},"updatedObj":{"_id":"123"},"msg":"Actualizacion exitosa del cliente: 123","time":"2016-04-17T19:52:42.566Z","v":0}
{"name":"realstates","hostname":"Santiagos-MacBook-Pro.local","pid":5574,"level":30,"res":{},"msg":"Creacion exitosa del contrato: 123","time":"2016-04-17T19:52:42.574Z","v":0}
{"name":"realstates","hostname":"Santiagos-MacBook-Pro.local","pid":5574,"level":30,"res":{},"msg":"Eliminacion exitosa del contrato: 123","time":"2016-04-17T19:52:42.601Z","v":0}
{"name":"realstates","hostname":"Santiagos-MacBook-Pro.local","pid":5574,"level":30,"res":{},"updatedObj":{"_id":"123"},"msg":"Actualizacion exitosa del contrato: 123","time":"2016-04-17T19:52:42.605Z","v":0}
{"name":"realstates","hostname":"Santiagos-MacBook-Pro.local","pid":5699,"level":30,"res":{},"msg":"Creacion exitosa del cliente: 123","time":"2016-04-17T19:52:59.784Z","v":0}
{"name":"realstates","hostname":"Santiagos-MacBook-Pro.local","pid":5699,"level":30,"res":{},"msg":"Eliminacion exitosa de un cliente: 123","time":"2016-04-17T19:52:59.820Z","v":0}
{"name":"realstates","hostname":"Santiagos-MacBook-Pro.local","pid":5699,"level":30,"res":{},"updatedObj":{"_id":"123"},"msg":"Actualizacion exitosa del cliente: 123","time":"2016-04-17T19:52:59.827Z","v":0}
{"name":"realstates","hostname":"Santiagos-MacBook-Pro.local","pid":5699,"level":30,"res":{},"msg":"Creacion exitosa del contrato: 123","time":"2016-04-17T19:52:59.836Z","v":0}
{"name":"realstates","hostname":"Santiagos-MacBook-Pro.local","pid":5699,"level":30,"res":{},"msg":"Eliminacion exitosa del contrato: 123","time":"2016-04-17T19:52:59.861Z","v":0}
{"name":"realstates","hostname":"Santiagos-MacBook-Pro.local","pid":5699,"level":30,"res":{},"updatedObj":{"_id":"123"},"msg":"Actualizacion exitosa del contrato: 123","time":"2016-04-17T19:52:59.870Z","v":0}
{"name":"realstates","hostname":"Santiagos-MacBook-Pro.local","pid":6507,"level":30,"res":{},"msg":"Creacion exitosa del contrato: 123","time":"2016-04-17T19:54:44.174Z","v":0}
{"name":"realstates","hostname":"Santiagos-MacBook-Pro.local","pid":6507,"level":30,"res":{},"msg":"Eliminacion exitosa del contrato: 123","time":"2016-04-17T19:54:44.209Z","v":0}
{"name":"realstates","hostname":"Santiagos-MacBook-Pro.local","pid":6507,"level":30,"res":{},"updatedObj":{"_id":"123"},"msg":"Actualizacion exitosa del contrato: 123","time":"2016-04-17T19:54:44.217Z","v":0}
